<?xml version="1.0" encoding="UTF-8"?>
<!-- Generated by org.testng.reporters.JUnitXMLReporter -->
<testsuite hostname="DMA-WKS15" name="Chrome" tests="1" failures="0" timestamp="1 Nov 2018 17:32:34 GMT" time="3.385" errors="0">
  <testcase name="@BeforeClass LaunchBrowser" time="0.0" classname="com.newdemo.test.CM_Scenarios">
    <failure type="java.io.FileNotFoundException" message=".\Results\11-01-2018\11-01-2018_10-32_AM\ModuleRunResult 11-01-2018 10-32 AM.html (The system cannot find the path specified)">
      <![CDATA[java.io.FileNotFoundException: .\Results\11-01-2018\11-01-2018_10-32_AM\ModuleRunResult 11-01-2018 10-32 AM.html (The system cannot find the path specified)
	at java.io.FileOutputStream.open0(Native Method)
	at java.io.FileOutputStream.open(Unknown Source)
	at java.io.FileOutputStream.<init>(Unknown Source)
	at java.io.FileOutputStream.<init>(Unknown Source)
	at java.io.PrintWriter.<init>(Unknown Source)
	at java.io.PrintWriter.<init>(Unknown Source)
	at com.newdemo.framework.base.HTMLFunctions.CreateResultFile(HTMLFunctions.java:108)
	at com.newdemo.framework.base.ScriptBase.LaunchBrowser(ScriptBase.java:109)
	at java.util.concurrent.FutureTask.run(Unknown Source)
	at java.util.concurrent.ThreadPoolExecutor.runWorker(Unknown Source)
	at java.util.concurrent.ThreadPoolExecutor$Worker.run(Unknown Source)
	at java.lang.Thread.run(Unknown Source)
... Removed 16 stack frames]]>
    </failure>
  </testcase> <!-- @BeforeClass LaunchBrowser -->
  <testcase name="PositiveFlow_1_CMAndMPIntegration_ApproveNo" time="0.003" classname="com.newdemo.test.CM_Scenarios">
    <skipped/>
  </testcase> <!-- PositiveFlow_1_CMAndMPIntegration_ApproveNo -->
</testsuite> <!-- Chrome -->
